<?xml version="1.0" encoding="UTF-8"?>
<!-- Generated by org.testng.reporters.JUnitXMLReporter -->
<testsuite ignored="2" hostname="DESKTOP-O83SFJ3" failures="0" tests="1" name="Default test" time="26.413" errors="0" timestamp="2022-11-04T22:55:33 BDT">
  <testcase classname="webtests.LoginTest" name="loginTest" time="22.73"/>
  <testcase classname="webtests.LoginTest" name="TestHomePageTitle" time="0.0">
    <ignored/>
  </testcase> <!-- TestHomePageTitle -->
  <testcase classname="webtests.LoginTest" name="TestHomePageUrl" time="0.0">
    <ignored/>
  </testcase> <!-- TestHomePageUrl -->
</testsuite> <!-- Default test -->
