<?xml version="1.0" encoding="UTF-8"?>
<!-- Generated by org.testng.reporters.JUnitXMLReporter -->
<testsuite ignored="0" hostname="DESKTOP-O83SFJ3" failures="0" tests="3" name="Test" time="41.658" errors="0" timestamp="2022-11-04T22:59:25 BDT">
  <testcase classname="webtests.LoginTest" name="TestHomePageUrl" time="9.777"/>
  <testcase classname="webtests.LoginTest" name="TestHomePageTitle" time="11.504"/>
  <testcase classname="webtests.LoginTest" name="loginTest" time="24.646"/>
</testsuite> <!-- Test -->
