<?xml version="1.0" encoding="UTF-8"?>
<!-- Generated by org.testng.reporters.JUnitXMLReporter -->
<testsuite ignored="0" hostname="DESKTOP-O83SFJ3" failures="0" tests="3" name="Test" time="51.68" errors="0" timestamp="2022-11-04T23:13:08 BDT">
  <testcase classname="webtests.LoginTest" name="TestHomePageTitle" time="16.04"/>
  <testcase classname="webtests.LoginTest" name="TestHomePageUrl" time="40.678"/>
  <testcase classname="webtests.LoginTest" name="loginTest" time="29.778"/>
</testsuite> <!-- Test -->
