<?xml version="1.0" encoding="UTF-8"?>
<testng-results ignored="0" total="3" passed="3" failed="0" skipped="0">
  <reporter-output>
  </reporter-output>
  <suite started-at="2022-11-04T22:58:44 BDT" name="Suite" finished-at="2022-11-04T22:59:25 BDT" duration-ms="41658">
    <groups>
    </groups>
    <test started-at="2022-11-04T22:58:44 BDT" name="Test" finished-at="2022-11-04T22:59:25 BDT" duration-ms="41658">
      <class name="webtests.LoginTest">
        <test-method is-config="true" signature="setBrowser()[pri:0, instance:webtests.LoginTest@6d60fe40]" started-at="2022-11-04T22:58:44 BDT" name="setBrowser" finished-at="2022-11-04T22:58:48 BDT" duration-ms="4402" status="PASS">
          <reporter-output>
          </reporter-output>
        </test-method> <!-- setBrowser -->
        <test-method is-config="true" signature="setBrowser()[pri:0, instance:webtests.LoginTest@6d60fe40]" started-at="2022-11-04T22:58:44 BDT" name="setBrowser" finished-at="2022-11-04T22:58:47 BDT" duration-ms="3132" status="PASS">
          <reporter-output>
          </reporter-output>
        </test-method> <!-- setBrowser -->
        <test-method signature="TestHomePageTitle()[pri:0, instance:webtests.LoginTest@6d60fe40]" started-at="2022-11-04T22:58:47 BDT" name="TestHomePageTitle" finished-at="2022-11-04T22:58:58 BDT" duration-ms="11504" status="PASS">
          <reporter-output>
          </reporter-output>
        </test-method> <!-- TestHomePageTitle -->
        <test-method signature="TestHomePageUrl()[pri:0, instance:webtests.LoginTest@6d60fe40]" started-at="2022-11-04T22:58:48 BDT" name="TestHomePageUrl" description="Home Page Loading Test with base URL" finished-at="2022-11-04T22:58:58 BDT" duration-ms="9777" status="PASS">
          <reporter-output>
          </reporter-output>
        </test-method> <!-- TestHomePageUrl -->
        <test-method is-config="true" signature="quitDriver()[pri:0, instance:webtests.LoginTest@6d60fe40]" started-at="2022-11-04T22:58:58 BDT" name="quitDriver" finished-at="2022-11-04T22:58:58 BDT" duration-ms="289" status="PASS">
          <reporter-output>
          </reporter-output>
        </test-method> <!-- quitDriver -->
        <test-method is-config="true" signature="setBrowser()[pri:0, instance:webtests.LoginTest@6d60fe40]" started-at="2022-11-04T22:58:58 BDT" name="setBrowser" finished-at="2022-11-04T22:59:00 BDT" duration-ms="2192" status="PASS">
          <reporter-output>
          </reporter-output>
        </test-method> <!-- setBrowser -->
        <test-method is-config="true" signature="quitDriver()[pri:0, instance:webtests.LoginTest@6d60fe40]" started-at="2022-11-04T22:58:58 BDT" name="quitDriver" finished-at="2022-11-04T22:59:01 BDT" duration-ms="2537" status="PASS">
          <reporter-output>
          </reporter-output>
        </test-method> <!-- quitDriver -->
        <test-method signature="loginTest()[pri:0, instance:webtests.LoginTest@6d60fe40]" started-at="2022-11-04T22:59:00 BDT" name="loginTest" finished-at="2022-11-04T22:59:25 BDT" duration-ms="24646" status="PASS">
          <reporter-output>
          </reporter-output>
        </test-method> <!-- loginTest -->
        <test-method is-config="true" signature="quitDriver()[pri:0, instance:webtests.LoginTest@6d60fe40]" started-at="2022-11-04T22:59:25 BDT" name="quitDriver" finished-at="2022-11-04T22:59:25 BDT" duration-ms="240" status="PASS">
          <reporter-output>
          </reporter-output>
        </test-method> <!-- quitDriver -->
      </class> <!-- webtests.LoginTest -->
    </test> <!-- Test -->
  </suite> <!-- Suite -->
</testng-results>
